0 info it worked if it ends with ok
1 verbose cli [ '/usr/local/bin/node',
1 verbose cli   '/usr/local/bin/npm',
1 verbose cli   'install',
1 verbose cli   '--global',
1 verbose cli   'elm',
1 verbose cli   'elm-live' ]
2 info using npm@2.15.8
3 info using node@v4.4.7
4 verbose install initial load of /usr/local/lib/package.json
5 verbose readDependencies loading dependencies from /usr/local/lib/package.json
6 silly cache add args [ 'elm', null ]
7 verbose cache add spec elm
8 silly cache add args [ 'elm-live', null ]
9 verbose cache add spec elm-live
10 silly cache add parsed spec Result {
10 silly cache add   raw: 'elm',
10 silly cache add   scope: null,
10 silly cache add   name: 'elm',
10 silly cache add   rawSpec: '',
10 silly cache add   spec: 'latest',
10 silly cache add   type: 'tag' }
11 silly addNamed elm@latest
12 verbose addNamed "latest" is being treated as a dist-tag for elm
13 info addNameTag [ 'elm', 'latest' ]
14 silly mapToRegistry name elm
15 silly mapToRegistry using default registry
16 silly mapToRegistry registry https://registry.npmjs.org/
17 silly mapToRegistry data Result {
17 silly mapToRegistry   raw: 'elm',
17 silly mapToRegistry   scope: null,
17 silly mapToRegistry   name: 'elm',
17 silly mapToRegistry   rawSpec: '',
17 silly mapToRegistry   spec: 'latest',
17 silly mapToRegistry   type: 'tag' }
18 silly mapToRegistry uri https://registry.npmjs.org/elm
19 verbose addNameTag registry:https://registry.npmjs.org/elm not in flight; fetching
20 silly cache add parsed spec Result {
20 silly cache add   raw: 'elm-live',
20 silly cache add   scope: null,
20 silly cache add   name: 'elm-live',
20 silly cache add   rawSpec: '',
20 silly cache add   spec: 'latest',
20 silly cache add   type: 'tag' }
21 silly addNamed elm-live@latest
22 verbose addNamed "latest" is being treated as a dist-tag for elm-live
23 info addNameTag [ 'elm-live', 'latest' ]
24 silly mapToRegistry name elm-live
25 silly mapToRegistry using default registry
26 silly mapToRegistry registry https://registry.npmjs.org/
27 silly mapToRegistry data Result {
27 silly mapToRegistry   raw: 'elm-live',
27 silly mapToRegistry   scope: null,
27 silly mapToRegistry   name: 'elm-live',
27 silly mapToRegistry   rawSpec: '',
27 silly mapToRegistry   spec: 'latest',
27 silly mapToRegistry   type: 'tag' }
28 silly mapToRegistry uri https://registry.npmjs.org/elm-live
29 verbose addNameTag registry:https://registry.npmjs.org/elm-live not in flight; fetching
30 verbose request uri https://registry.npmjs.org/elm
31 verbose request no auth needed
32 info attempt registry request try #1 at 9:21:10 AM
33 verbose request id 78358a2d8a087338
34 verbose etag "5ada6788-f481"
35 verbose lastModified Fri, 20 Apr 2018 22:19:52 GMT
36 http request GET https://registry.npmjs.org/elm
37 verbose request uri https://registry.npmjs.org/elm-live
38 verbose request no auth needed
39 info attempt registry request try #1 at 9:21:10 AM
40 verbose etag "59790f01-e98d"
41 verbose lastModified Wed, 26 Jul 2017 21:52:01 GMT
42 http request GET https://registry.npmjs.org/elm-live
43 http 304 https://registry.npmjs.org/elm
44 verbose headers { date: 'Thu, 10 May 2018 14:21:10 GMT',
44 verbose headers   via: '1.1 varnish',
44 verbose headers   'cache-control': 'max-age=300',
44 verbose headers   etag: '"5ada6788-f481"',
44 verbose headers   age: '344',
44 verbose headers   connection: 'keep-alive',
44 verbose headers   'x-served-by': 'cache-msp9226-MSP',
44 verbose headers   'x-cache': 'HIT',
44 verbose headers   'x-cache-hits': '2',
44 verbose headers   'x-timer': 'S1525962070.445567,VS0,VE0',
44 verbose headers   vary: 'Accept-Encoding, Accept' }
45 silly get cb [ 304,
45 silly get   { date: 'Thu, 10 May 2018 14:21:10 GMT',
45 silly get     via: '1.1 varnish',
45 silly get     'cache-control': 'max-age=300',
45 silly get     etag: '"5ada6788-f481"',
45 silly get     age: '344',
45 silly get     connection: 'keep-alive',
45 silly get     'x-served-by': 'cache-msp9226-MSP',
45 silly get     'x-cache': 'HIT',
45 silly get     'x-cache-hits': '2',
45 silly get     'x-timer': 'S1525962070.445567,VS0,VE0',
45 silly get     vary: 'Accept-Encoding, Accept' } ]
46 verbose etag https://registry.npmjs.org/elm from cache
47 verbose get saving elm to /Users/bgithinji/.npm/registry.npmjs.org/elm/.cache.json
48 verbose correctMkdir /Users/bgithinji/.npm correctMkdir not in flight; initializing
49 http 304 https://registry.npmjs.org/elm-live
50 verbose headers { date: 'Thu, 10 May 2018 14:21:10 GMT',
50 verbose headers   via: '1.1 varnish',
50 verbose headers   'cache-control': 'max-age=300',
50 verbose headers   etag: '"59790f01-e98d"',
50 verbose headers   age: '344',
50 verbose headers   connection: 'keep-alive',
50 verbose headers   'x-served-by': 'cache-msp9221-MSP',
50 verbose headers   'x-cache': 'HIT',
50 verbose headers   'x-cache-hits': '3',
50 verbose headers   'x-timer': 'S1525962070.447091,VS0,VE0',
50 verbose headers   vary: 'Accept-Encoding, Accept' }
51 silly get cb [ 304,
51 silly get   { date: 'Thu, 10 May 2018 14:21:10 GMT',
51 silly get     via: '1.1 varnish',
51 silly get     'cache-control': 'max-age=300',
51 silly get     etag: '"59790f01-e98d"',
51 silly get     age: '344',
51 silly get     connection: 'keep-alive',
51 silly get     'x-served-by': 'cache-msp9221-MSP',
51 silly get     'x-cache': 'HIT',
51 silly get     'x-cache-hits': '3',
51 silly get     'x-timer': 'S1525962070.447091,VS0,VE0',
51 silly get     vary: 'Accept-Encoding, Accept' } ]
52 verbose etag https://registry.npmjs.org/elm-live from cache
53 verbose get saving elm-live to /Users/bgithinji/.npm/registry.npmjs.org/elm-live/.cache.json
54 verbose correctMkdir /Users/bgithinji/.npm correctMkdir already in flight; waiting
55 silly addNameTag next cb for elm-live with tag latest
56 silly addNameTag next cb for elm with tag latest
57 silly addNamed elm@0.18.0
58 verbose addNamed "0.18.0" is a plain semver version for elm
59 silly cache afterAdd elm@0.18.0
60 verbose afterAdd /Users/bgithinji/.npm/elm/0.18.0/package/package.json not in flight; writing
61 verbose correctMkdir /Users/bgithinji/.npm correctMkdir not in flight; initializing
62 verbose afterAdd /Users/bgithinji/.npm/elm/0.18.0/package/package.json written
63 verbose stack Error: No compatible version found: elm-live@'latest'
63 verbose stack Valid install targets:
63 verbose stack ["0.0.0-work-in-progress","1.0.0","1.0.1","1.0.2","1.0.3","1.0.4","2.0.0","2.0.1","2.0.2","2.0.3","2.0.4","2.0.5","2.0.6","2.1.0","2.2.0","2.2.1","2.3.0","2.4.0","2.4.1","2.5.0","2.5.1","2.6.0","2.6.1","2.6.2","2.7.0","2.7.1","2.7.2"]
63 verbose stack
63 verbose stack     at installTargetsError (/usr/local/lib/node_modules/npm/lib/cache/add-named.js:284:12)
63 verbose stack     at next (/usr/local/lib/node_modules/npm/lib/cache/add-named.js:94:10)
63 verbose stack     at RES (/usr/local/lib/node_modules/npm/node_modules/inflight/inflight.js:23:14)
63 verbose stack     at f (/usr/local/lib/node_modules/npm/node_modules/once/once.js:17:25)
63 verbose stack     at fixName (/usr/local/lib/node_modules/npm/lib/cache/add-named.js:29:5)
63 verbose stack     at saved (/usr/local/lib/node_modules/npm/lib/cache/caching-client.js:173:7)
63 verbose stack     at /usr/local/lib/node_modules/npm/node_modules/graceful-fs/polyfills.js:210:7
63 verbose stack     at FSReqWrap.oncomplete (fs.js:82:15)
64 verbose cwd /Users/bgithinji/Desktop/Spring_18/2_ProgLang/HW/mutability/elm-todo
65 error Darwin 17.4.0
66 error argv "/usr/local/bin/node" "/usr/local/bin/npm" "install" "--global" "elm" "elm-live"
67 error node v4.4.7
68 error npm  v2.15.8
69 error code ETARGET
70 error notarget No compatible version found: elm-live@'latest'
70 error notarget Valid install targets:
70 error notarget ["0.0.0-work-in-progress","1.0.0","1.0.1","1.0.2","1.0.3","1.0.4","2.0.0","2.0.1","2.0.2","2.0.3","2.0.4","2.0.5","2.0.6","2.1.0","2.2.0","2.2.1","2.3.0","2.4.0","2.4.1","2.5.0","2.5.1","2.6.0","2.6.1","2.6.2","2.7.0","2.7.1","2.7.2"]
70 error notarget
70 error notarget This is most likely not a problem with npm itself.
70 error notarget In most cases you or one of your dependencies are requesting
70 error notarget a package version that doesn't exist.
71 verbose exit [ 1, true ]
